[2024-10-10T09:40:24.245+0000] {taskinstance.py:1979} INFO - Dependencies all met for dep_context=non-requeueable deps ti=<TaskInstance: Gold_training_Pipeline.send_mails manual__2024-10-10T09:39:48.972970+00:00 [queued]>
[2024-10-10T09:40:24.250+0000] {taskinstance.py:1979} INFO - Dependencies all met for dep_context=requeueable deps ti=<TaskInstance: Gold_training_Pipeline.send_mails manual__2024-10-10T09:39:48.972970+00:00 [queued]>
[2024-10-10T09:40:24.251+0000] {taskinstance.py:2193} INFO - Starting attempt 4 of 4
[2024-10-10T09:40:24.262+0000] {taskinstance.py:2217} INFO - Executing <Task(PythonOperator): send_mails> on 2024-10-10 09:39:48.972970+00:00
[2024-10-10T09:40:24.267+0000] {standard_task_runner.py:60} INFO - Started process 6497 to run task
[2024-10-10T09:40:24.268+0000] {standard_task_runner.py:87} INFO - Running: ['***', 'tasks', 'run', 'Gold_training_Pipeline', 'send_mails', 'manual__2024-10-10T09:39:48.972970+00:00', '--job-id', '430', '--raw', '--subdir', 'DAGS_FOLDER/gold_training_pipeline.py', '--cfg-path', '/tmp/tmpza3n47de']
[2024-10-10T09:40:24.269+0000] {standard_task_runner.py:88} INFO - Job 430: Subtask send_mails
[2024-10-10T09:40:24.298+0000] {task_command.py:423} INFO - Running <TaskInstance: Gold_training_Pipeline.send_mails manual__2024-10-10T09:39:48.972970+00:00 [running]> on host 3c39c54b31c0
[2024-10-10T09:40:24.340+0000] {taskinstance.py:2513} INFO - Exporting env vars: AIRFLOW_CTX_DAG_OWNER='sdeshan' AIRFLOW_CTX_DAG_ID='Gold_training_Pipeline' AIRFLOW_CTX_TASK_ID='send_mails' AIRFLOW_CTX_EXECUTION_DATE='2024-10-10T09:39:48.972970+00:00' AIRFLOW_CTX_TRY_NUMBER='4' AIRFLOW_CTX_DAG_RUN_ID='manual__2024-10-10T09:39:48.972970+00:00'
[2024-10-10T09:40:24.342+0000] {taskinstance.py:2731} ERROR - Task failed with exception
Traceback (most recent call last):
  File "/home/airflow/.local/lib/python3.8/site-packages/airflow/models/taskinstance.py", line 444, in _execute_task
    result = _execute_callable(context=context, **execute_callable_kwargs)
  File "/home/airflow/.local/lib/python3.8/site-packages/airflow/models/taskinstance.py", line 414, in _execute_callable
    return execute_callable(context=context, **execute_callable_kwargs)
  File "/home/airflow/.local/lib/python3.8/site-packages/airflow/operators/python.py", line 200, in execute
    return_value = self.execute_callable()
  File "/home/airflow/.local/lib/python3.8/site-packages/airflow/operators/python.py", line 217, in execute_callable
    return self.python_callable(*self.op_args, **self.op_kwargs)
  File "/opt/airflow/dags/components/gold/post_training/sending_mails.py", line 33, in mail_sending
    send_email()
  File "/opt/airflow/dags/components/gold/post_training/sending_mails.py", line 29, in send_email
    email_operator.execute()
TypeError: execute() missing 1 required positional argument: 'context'
[2024-10-10T09:40:24.353+0000] {taskinstance.py:1149} INFO - Marking task as FAILED. dag_id=Gold_training_Pipeline, task_id=send_mails, execution_date=20241010T093948, start_date=20241010T094024, end_date=20241010T094024
[2024-10-10T09:40:24.356+0000] {logging_mixin.py:188} WARNING - /home/***/.local/lib/python3.8/site-packages/***/utils/context.py:207 AirflowContextDeprecationWarning: Accessing 'execution_date' from the template is deprecated and will be removed in a future version. Please use 'data_interval_start' or 'logical_date' instead.
[2024-10-10T09:40:24.360+0000] {logging_mixin.py:188} WARNING - /home/***/.local/lib/python3.8/site-packages/***/utils/email.py:154 RemovedInAirflow3Warning: Fetching SMTP credentials from configuration variables will be deprecated in a future release. Please set credentials using a connection instead.
[2024-10-10T09:40:24.361+0000] {email.py:270} INFO - Email alerting: attempt 1
[2024-10-10T09:40:26.024+0000] {email.py:281} INFO - Sent an alert email to ['deshanariyarathna@gmail.com']
[2024-10-10T09:40:27.851+0000] {standard_task_runner.py:107} ERROR - Failed to execute job 430 for task send_mails (execute() missing 1 required positional argument: 'context'; 6497)
[2024-10-10T09:40:27.858+0000] {local_task_job_runner.py:234} INFO - Task exited with return code 1
[2024-10-10T09:40:27.867+0000] {taskinstance.py:3312} INFO - 0 downstream tasks scheduled from follow-on schedule check
