[2024-08-28T06:49:27.974+0000] {taskinstance.py:1979} INFO - Dependencies all met for dep_context=non-requeueable deps ti=<TaskInstance: Vehicle_Model_Training_Pipeline.model_training_honda manual__2024-08-28T06:48:32.733443+00:00 [queued]>
[2024-08-28T06:49:27.981+0000] {taskinstance.py:1979} INFO - Dependencies all met for dep_context=requeueable deps ti=<TaskInstance: Vehicle_Model_Training_Pipeline.model_training_honda manual__2024-08-28T06:48:32.733443+00:00 [queued]>
[2024-08-28T06:49:27.982+0000] {taskinstance.py:2193} INFO - Starting attempt 4 of 4
[2024-08-28T06:49:28.010+0000] {taskinstance.py:2217} INFO - Executing <Task(PythonOperator): model_training_honda> on 2024-08-28 06:48:32.733443+00:00
[2024-08-28T06:49:28.016+0000] {standard_task_runner.py:60} INFO - Started process 539 to run task
[2024-08-28T06:49:28.019+0000] {standard_task_runner.py:87} INFO - Running: ['***', 'tasks', 'run', 'Vehicle_Model_Training_Pipeline', 'model_training_honda', 'manual__2024-08-28T06:48:32.733443+00:00', '--job-id', '291', '--raw', '--subdir', 'DAGS_FOLDER/vehicle_model_training_pipeline.py', '--cfg-path', '/tmp/tmp4lx69jgm']
[2024-08-28T06:49:28.021+0000] {standard_task_runner.py:88} INFO - Job 291: Subtask model_training_honda
[2024-08-28T06:49:28.072+0000] {task_command.py:423} INFO - Running <TaskInstance: Vehicle_Model_Training_Pipeline.model_training_honda manual__2024-08-28T06:48:32.733443+00:00 [running]> on host 6d604cf72944
[2024-08-28T06:49:28.154+0000] {taskinstance.py:2513} INFO - Exporting env vars: AIRFLOW_CTX_DAG_OWNER='sdeshan' AIRFLOW_CTX_DAG_ID='Vehicle_Model_Training_Pipeline' AIRFLOW_CTX_TASK_ID='model_training_honda' AIRFLOW_CTX_EXECUTION_DATE='2024-08-28T06:48:32.733443+00:00' AIRFLOW_CTX_TRY_NUMBER='4' AIRFLOW_CTX_DAG_RUN_ID='manual__2024-08-28T06:48:32.733443+00:00'
[2024-08-28T06:49:28.167+0000] {logging_mixin.py:188} INFO - error [Errno 2] No such file or directory: 'artifacts/preprocessor.pkl'
[2024-08-28T06:49:28.175+0000] {taskinstance.py:2731} ERROR - Task failed with exception
Traceback (most recent call last):
  File "/home/airflow/.local/lib/python3.8/site-packages/airflow/models/taskinstance.py", line 444, in _execute_task
    result = _execute_callable(context=context, **execute_callable_kwargs)
  File "/home/airflow/.local/lib/python3.8/site-packages/airflow/models/taskinstance.py", line 414, in _execute_callable
    return execute_callable(context=context, **execute_callable_kwargs)
  File "/home/airflow/.local/lib/python3.8/site-packages/airflow/operators/python.py", line 200, in execute
    return_value = self.execute_callable()
  File "/home/airflow/.local/lib/python3.8/site-packages/airflow/operators/python.py", line 217, in execute_callable
    return self.python_callable(*self.op_args, **self.op_kwargs)
  File "/opt/airflow/dags/components/vehicle/model_training_components/model_training.py", line 69, in train_model
    input_feature_train_arr=preprocessor.fit_transform(input_feature_train_df)
AttributeError: 'NoneType' object has no attribute 'fit_transform'
[2024-08-28T06:49:28.201+0000] {taskinstance.py:1149} INFO - Marking task as FAILED. dag_id=Vehicle_Model_Training_Pipeline, task_id=model_training_honda, execution_date=20240828T064832, start_date=20240828T064927, end_date=20240828T064928
[2024-08-28T06:49:28.206+0000] {logging_mixin.py:188} WARNING - /home/***/.local/lib/python3.8/site-packages/***/utils/context.py:207 AirflowContextDeprecationWarning: Accessing 'execution_date' from the template is deprecated and will be removed in a future version. Please use 'data_interval_start' or 'logical_date' instead.
[2024-08-28T06:49:28.212+0000] {logging_mixin.py:188} WARNING - /home/***/.local/lib/python3.8/site-packages/***/utils/email.py:154 RemovedInAirflow3Warning: Fetching SMTP credentials from configuration variables will be deprecated in a future release. Please set credentials using a connection instead.
[2024-08-28T06:49:28.214+0000] {email.py:270} INFO - Email alerting: attempt 1
[2024-08-28T06:49:44.870+0000] {email.py:281} INFO - Sent an alert email to ['deshanariyarathna@gmail.com']
[2024-08-28T06:49:47.086+0000] {standard_task_runner.py:107} ERROR - Failed to execute job 291 for task model_training_honda ('NoneType' object has no attribute 'fit_transform'; 539)
[2024-08-28T06:49:47.104+0000] {local_task_job_runner.py:234} INFO - Task exited with return code 1
[2024-08-28T06:49:47.121+0000] {taskinstance.py:3312} INFO - 0 downstream tasks scheduled from follow-on schedule check
