[2024-10-15T08:59:23.580+0000] {taskinstance.py:1979} INFO - Dependencies all met for dep_context=non-requeueable deps ti=<TaskInstance: Gold_training_Pipeline.model_training manual__2024-10-11T08:30:17.672861+00:00 [queued]>
[2024-10-15T08:59:23.588+0000] {taskinstance.py:1979} INFO - Dependencies all met for dep_context=requeueable deps ti=<TaskInstance: Gold_training_Pipeline.model_training manual__2024-10-11T08:30:17.672861+00:00 [queued]>
[2024-10-15T08:59:23.589+0000] {taskinstance.py:2193} INFO - Starting attempt 3 of 4
[2024-10-15T08:59:23.713+0000] {taskinstance.py:2217} INFO - Executing <Task(PythonOperator): model_training> on 2024-10-11 08:30:17.672861+00:00
[2024-10-15T08:59:23.719+0000] {standard_task_runner.py:60} INFO - Started process 456 to run task
[2024-10-15T08:59:23.721+0000] {standard_task_runner.py:87} INFO - Running: ['***', 'tasks', 'run', 'Gold_training_Pipeline', 'model_training', 'manual__2024-10-11T08:30:17.672861+00:00', '--job-id', '52', '--raw', '--subdir', 'DAGS_FOLDER/gold_training_pipeline.py', '--cfg-path', '/tmp/tmp3zj_q4r2']
[2024-10-15T08:59:23.725+0000] {standard_task_runner.py:88} INFO - Job 52: Subtask model_training
[2024-10-15T08:59:23.775+0000] {task_command.py:423} INFO - Running <TaskInstance: Gold_training_Pipeline.model_training manual__2024-10-11T08:30:17.672861+00:00 [running]> on host a0c7e0b03ffa
[2024-10-15T08:59:23.844+0000] {taskinstance.py:2513} INFO - Exporting env vars: AIRFLOW_CTX_DAG_OWNER='sdeshan' AIRFLOW_CTX_DAG_ID='Gold_training_Pipeline' AIRFLOW_CTX_TASK_ID='model_training' AIRFLOW_CTX_EXECUTION_DATE='2024-10-11T08:30:17.672861+00:00' AIRFLOW_CTX_TRY_NUMBER='3' AIRFLOW_CTX_DAG_RUN_ID='manual__2024-10-11T08:30:17.672861+00:00'
[2024-10-15T08:59:23.997+0000] {filesystem.py:118} DEBUG - input tempfile: /tmp/tmp53jys0w3/y7s52wuj.json
[2024-10-15T08:59:24.203+0000] {filesystem.py:118} DEBUG - input tempfile: /tmp/tmp53jys0w3/gghur8h8.json
[2024-10-15T08:59:24.205+0000] {model.py:2042} DEBUG - idx 0
[2024-10-15T08:59:24.205+0000] {model.py:2043} DEBUG - running CmdStan, num_threads: None
[2024-10-15T08:59:24.206+0000] {model.py:2055} DEBUG - CmdStan args: ['/home/***/.local/lib/python3.8/site-packages/prophet/stan_model/prophet_model.bin', 'random', 'seed=89309', 'data', 'file=/tmp/tmp53jys0w3/y7s52wuj.json', 'init=/tmp/tmp53jys0w3/gghur8h8.json', 'output', 'file=/tmp/tmp53jys0w3/prophet_modelayoqg9rv/prophet_model-20241015085924.csv', 'method=optimize', 'algorithm=lbfgs', 'iter=10000']
[2024-10-15T08:59:24.207+0000] {logging_mixin.py:188} WARNING - 08:59:24 - cmdstanpy - INFO - Chain [1] start processing
[2024-10-15T08:59:24.207+0000] {model.py:2058} INFO - Chain [1] start processing
[2024-10-15T08:59:26.253+0000] {logging_mixin.py:188} WARNING - 08:59:26 - cmdstanpy - INFO - Chain [1] done processing
[2024-10-15T08:59:26.253+0000] {model.py:2115} INFO - Chain [1] done processing
[2024-10-15T08:59:27.068+0000] {logging_mixin.py:188} INFO - Fitting 3 folds for each of 1 candidates, totalling 3 fits
[2024-10-15T09:30:59.084+0000] {logging_mixin.py:188} INFO - [CV] END learning_rate=0.001, max_depth=10, min_child_weight=1, n_estimators=500; total time=31.5min
[2024-10-15T10:03:22.273+0000] {logging_mixin.py:188} INFO - [CV] END learning_rate=0.001, max_depth=10, min_child_weight=1, n_estimators=500; total time=32.4min
[2024-10-15T10:33:53.482+0000] {local_task_job_runner.py:121} ERROR - Received SIGTERM. Terminating subprocesses
[2024-10-15T10:33:53.881+0000] {process_utils.py:131} INFO - Sending 15 to group 456. PIDs of all processes in the group: [456]
[2024-10-15T10:33:53.900+0000] {process_utils.py:86} INFO - Sending the signal 15 to group 456
[2024-10-15T10:33:56.236+0000] {taskinstance.py:2483} ERROR - Received SIGTERM. Terminating subprocesses.
[2024-10-15T10:33:56.414+0000] {logging_mixin.py:188} INFO - [CV] END learning_rate=0.001, max_depth=10, min_child_weight=1, n_estimators=500; total time=30.6min
[2024-10-15T10:33:56.993+0000] {logging_mixin.py:188} WARNING - /home/***/.local/lib/python3.8/site-packages/sklearn/model_selection/_validation.py:425 FitFailedWarning:
1 fits failed out of a total of 3.
The score on these train-test partitions for these parameters will be set to nan.
If these failures are not expected, you can try to debug them by setting error_score='raise'.

Below are more details about the failures:
--------------------------------------------------------------------------------
1 fits failed with the following error:
Traceback (most recent call last):
  File "/home/***/.local/lib/python3.8/site-packages/sklearn/model_selection/_validation.py", line 729, in _fit_and_score
    estimator.fit(X_train, y_train, **fit_params)
  File "/home/***/.local/lib/python3.8/site-packages/xgboost/core.py", line 726, in inner_f
    return func(**kwargs)
  File "/home/***/.local/lib/python3.8/site-packages/xgboost/sklearn.py", line 1108, in fit
    self._Booster = train(
  File "/home/***/.local/lib/python3.8/site-packages/xgboost/core.py", line 726, in inner_f
    return func(**kwargs)
  File "/home/***/.local/lib/python3.8/site-packages/xgboost/training.py", line 181, in train
    bst.update(dtrain, iteration=i, fobj=obj)
  File "/home/***/.local/lib/python3.8/site-packages/xgboost/core.py", line 2101, in update
    _LIB.XGBoosterUpdateOneIter(
  File "/home/***/.local/lib/python3.8/site-packages/***/models/taskinstance.py", line 2485, in signal_handler
    raise AirflowException("Task received SIGTERM signal")
***.exceptions.AirflowException: Task received SIGTERM signal
[2024-10-15T10:33:57.134+0000] {logging_mixin.py:188} WARNING - /home/***/.local/lib/python3.8/site-packages/sklearn/model_selection/_search.py:979 UserWarning: One or more of the test scores are non-finite: [nan]
[2024-10-15T10:33:58.953+0000] {local_task_job_runner.py:121} ERROR - Received SIGTERM. Terminating subprocesses
[2024-10-15T10:33:58.955+0000] {process_utils.py:131} INFO - Sending 15 to group 456. PIDs of all processes in the group: [456]
[2024-10-15T10:33:58.955+0000] {process_utils.py:86} INFO - Sending the signal 15 to group 456
