[2024-10-15T08:59:39.578+0000] {taskinstance.py:1979} INFO - Dependencies all met for dep_context=non-requeueable deps ti=<TaskInstance: Gold_training_Pipeline.model_training manual__2024-10-15T08:59:21.767298+00:00 [queued]>
[2024-10-15T08:59:39.602+0000] {taskinstance.py:1979} INFO - Dependencies all met for dep_context=requeueable deps ti=<TaskInstance: Gold_training_Pipeline.model_training manual__2024-10-15T08:59:21.767298+00:00 [queued]>
[2024-10-15T08:59:39.603+0000] {taskinstance.py:2193} INFO - Starting attempt 1 of 4
[2024-10-15T08:59:39.888+0000] {taskinstance.py:2217} INFO - Executing <Task(PythonOperator): model_training> on 2024-10-15 08:59:21.767298+00:00
[2024-10-15T08:59:39.894+0000] {standard_task_runner.py:60} INFO - Started process 631 to run task
[2024-10-15T08:59:39.898+0000] {standard_task_runner.py:87} INFO - Running: ['***', 'tasks', 'run', 'Gold_training_Pipeline', 'model_training', 'manual__2024-10-15T08:59:21.767298+00:00', '--job-id', '58', '--raw', '--subdir', 'DAGS_FOLDER/gold_training_pipeline.py', '--cfg-path', '/tmp/tmplu0jvtrv']
[2024-10-15T08:59:39.900+0000] {standard_task_runner.py:88} INFO - Job 58: Subtask model_training
[2024-10-15T08:59:40.016+0000] {task_command.py:423} INFO - Running <TaskInstance: Gold_training_Pipeline.model_training manual__2024-10-15T08:59:21.767298+00:00 [running]> on host a0c7e0b03ffa
[2024-10-15T08:59:40.125+0000] {taskinstance.py:2513} INFO - Exporting env vars: AIRFLOW_CTX_DAG_OWNER='sdeshan' AIRFLOW_CTX_DAG_ID='Gold_training_Pipeline' AIRFLOW_CTX_TASK_ID='model_training' AIRFLOW_CTX_EXECUTION_DATE='2024-10-15T08:59:21.767298+00:00' AIRFLOW_CTX_TRY_NUMBER='1' AIRFLOW_CTX_DAG_RUN_ID='manual__2024-10-15T08:59:21.767298+00:00'
[2024-10-15T08:59:40.450+0000] {filesystem.py:118} DEBUG - input tempfile: /tmp/tmpsqwk0jij/dxyx3f8s.json
[2024-10-15T08:59:40.727+0000] {filesystem.py:118} DEBUG - input tempfile: /tmp/tmpsqwk0jij/mha93u40.json
[2024-10-15T08:59:40.736+0000] {model.py:2042} DEBUG - idx 0
[2024-10-15T08:59:40.739+0000] {model.py:2043} DEBUG - running CmdStan, num_threads: None
[2024-10-15T08:59:40.740+0000] {model.py:2055} DEBUG - CmdStan args: ['/home/***/.local/lib/python3.8/site-packages/prophet/stan_model/prophet_model.bin', 'random', 'seed=31293', 'data', 'file=/tmp/tmpsqwk0jij/dxyx3f8s.json', 'init=/tmp/tmpsqwk0jij/mha93u40.json', 'output', 'file=/tmp/tmpsqwk0jij/prophet_model6ocn8jte/prophet_model-20241015085940.csv', 'method=optimize', 'algorithm=lbfgs', 'iter=10000']
[2024-10-15T08:59:40.744+0000] {logging_mixin.py:188} WARNING - 08:59:40 - cmdstanpy - INFO - Chain [1] start processing
[2024-10-15T08:59:40.744+0000] {model.py:2058} INFO - Chain [1] start processing
[2024-10-15T08:59:43.649+0000] {logging_mixin.py:188} WARNING - 08:59:43 - cmdstanpy - INFO - Chain [1] done processing
[2024-10-15T08:59:43.649+0000] {model.py:2115} INFO - Chain [1] done processing
[2024-10-15T08:59:44.968+0000] {logging_mixin.py:188} INFO - Fitting 3 folds for each of 1 candidates, totalling 3 fits
[2024-10-15T09:31:29.478+0000] {logging_mixin.py:188} INFO - [CV] END learning_rate=0.001, max_depth=10, min_child_weight=1, n_estimators=500; total time=31.7min
[2024-10-15T10:03:52.872+0000] {logging_mixin.py:188} INFO - [CV] END learning_rate=0.001, max_depth=10, min_child_weight=1, n_estimators=500; total time=32.4min
[2024-10-15T10:33:53.671+0000] {local_task_job_runner.py:121} ERROR - Received SIGTERM. Terminating subprocesses
[2024-10-15T10:33:54.194+0000] {process_utils.py:131} INFO - Sending 15 to group 631. PIDs of all processes in the group: [631]
[2024-10-15T10:33:54.243+0000] {process_utils.py:86} INFO - Sending the signal 15 to group 631
[2024-10-15T10:33:54.953+0000] {taskinstance.py:2483} ERROR - Received SIGTERM. Terminating subprocesses.
[2024-10-15T10:33:55.179+0000] {logging_mixin.py:188} INFO - [CV] END learning_rate=0.001, max_depth=10, min_child_weight=1, n_estimators=500; total time=30.0min
[2024-10-15T10:33:55.918+0000] {logging_mixin.py:188} WARNING - /home/***/.local/lib/python3.8/site-packages/sklearn/model_selection/_validation.py:425 FitFailedWarning:
1 fits failed out of a total of 3.
The score on these train-test partitions for these parameters will be set to nan.
If these failures are not expected, you can try to debug them by setting error_score='raise'.

Below are more details about the failures:
--------------------------------------------------------------------------------
1 fits failed with the following error:
Traceback (most recent call last):
  File "/home/***/.local/lib/python3.8/site-packages/sklearn/model_selection/_validation.py", line 729, in _fit_and_score
    estimator.fit(X_train, y_train, **fit_params)
  File "/home/***/.local/lib/python3.8/site-packages/xgboost/core.py", line 726, in inner_f
    return func(**kwargs)
  File "/home/***/.local/lib/python3.8/site-packages/xgboost/sklearn.py", line 1108, in fit
    self._Booster = train(
  File "/home/***/.local/lib/python3.8/site-packages/xgboost/core.py", line 726, in inner_f
    return func(**kwargs)
  File "/home/***/.local/lib/python3.8/site-packages/xgboost/training.py", line 181, in train
    bst.update(dtrain, iteration=i, fobj=obj)
  File "/home/***/.local/lib/python3.8/site-packages/xgboost/core.py", line 2101, in update
    _LIB.XGBoosterUpdateOneIter(
  File "/home/***/.local/lib/python3.8/site-packages/***/models/taskinstance.py", line 2485, in signal_handler
    raise AirflowException("Task received SIGTERM signal")
***.exceptions.AirflowException: Task received SIGTERM signal
[2024-10-15T10:33:56.170+0000] {logging_mixin.py:188} WARNING - /home/***/.local/lib/python3.8/site-packages/sklearn/model_selection/_search.py:979 UserWarning: One or more of the test scores are non-finite: [nan]
