[2024-08-21T04:50:01.539+0000] {taskinstance.py:1979} INFO - Dependencies all met for dep_context=non-requeueable deps ti=<TaskInstance: Vehicle_Model_Training_Pipeline_1.model_training_honda manual__2024-08-21T04:49:28.224374+00:00 [queued]>
[2024-08-21T04:50:01.549+0000] {taskinstance.py:1979} INFO - Dependencies all met for dep_context=requeueable deps ti=<TaskInstance: Vehicle_Model_Training_Pipeline_1.model_training_honda manual__2024-08-21T04:49:28.224374+00:00 [queued]>
[2024-08-21T04:50:01.551+0000] {taskinstance.py:2193} INFO - Starting attempt 4 of 4
[2024-08-21T04:50:01.564+0000] {taskinstance.py:2217} INFO - Executing <Task(PythonOperator): model_training_honda> on 2024-08-21 04:49:28.224374+00:00
[2024-08-21T04:50:01.570+0000] {standard_task_runner.py:60} INFO - Started process 2365 to run task
[2024-08-21T04:50:01.573+0000] {standard_task_runner.py:87} INFO - Running: ['***', 'tasks', 'run', 'Vehicle_Model_Training_Pipeline_1', 'model_training_honda', 'manual__2024-08-21T04:49:28.224374+00:00', '--job-id', '36', '--raw', '--subdir', 'DAGS_FOLDER/vehicle_model_training_pipeline.py', '--cfg-path', '/tmp/tmpvyejg18z']
[2024-08-21T04:50:01.575+0000] {standard_task_runner.py:88} INFO - Job 36: Subtask model_training_honda
[2024-08-21T04:50:01.624+0000] {task_command.py:423} INFO - Running <TaskInstance: Vehicle_Model_Training_Pipeline_1.model_training_honda manual__2024-08-21T04:49:28.224374+00:00 [running]> on host adf293b19e24
[2024-08-21T04:50:01.684+0000] {taskinstance.py:2513} INFO - Exporting env vars: AIRFLOW_CTX_DAG_OWNER='sdeshan' AIRFLOW_CTX_DAG_ID='Vehicle_Model_Training_Pipeline_1' AIRFLOW_CTX_TASK_ID='model_training_honda' AIRFLOW_CTX_EXECUTION_DATE='2024-08-21T04:49:28.224374+00:00' AIRFLOW_CTX_TRY_NUMBER='4' AIRFLOW_CTX_DAG_RUN_ID='manual__2024-08-21T04:49:28.224374+00:00'
[2024-08-21T04:50:01.691+0000] {taskinstance.py:2731} ERROR - Task failed with exception
Traceback (most recent call last):
  File "/home/airflow/.local/lib/python3.8/site-packages/airflow/models/taskinstance.py", line 444, in _execute_task
    result = _execute_callable(context=context, **execute_callable_kwargs)
  File "/home/airflow/.local/lib/python3.8/site-packages/airflow/models/taskinstance.py", line 414, in _execute_callable
    return execute_callable(context=context, **execute_callable_kwargs)
  File "/home/airflow/.local/lib/python3.8/site-packages/airflow/operators/python.py", line 200, in execute
    return_value = self.execute_callable()
  File "/home/airflow/.local/lib/python3.8/site-packages/airflow/operators/python.py", line 217, in execute_callable
    return self.python_callable(*self.op_args, **self.op_kwargs)
  File "/opt/airflow/dags/components/vehicle/model_training_components/model_training.py", line 39, in train_model
    train_df = train_df.groupby('brand').get_group(train_model_name)
  File "/home/airflow/.local/lib/python3.8/site-packages/pandas/core/groupby/groupby.py", line 800, in get_group
    raise KeyError(name)
KeyError: 'Honda'
[2024-08-21T04:50:01.717+0000] {taskinstance.py:1149} INFO - Marking task as FAILED. dag_id=Vehicle_Model_Training_Pipeline_1, task_id=model_training_honda, execution_date=20240821T044928, start_date=20240821T045001, end_date=20240821T045001
[2024-08-21T04:50:01.722+0000] {logging_mixin.py:188} WARNING - /home/***/.local/lib/python3.8/site-packages/***/utils/context.py:207 AirflowContextDeprecationWarning: Accessing 'execution_date' from the template is deprecated and will be removed in a future version. Please use 'data_interval_start' or 'logical_date' instead.
[2024-08-21T04:50:01.727+0000] {logging_mixin.py:188} WARNING - /home/***/.local/lib/python3.8/site-packages/***/utils/email.py:154 RemovedInAirflow3Warning: Fetching SMTP credentials from configuration variables will be deprecated in a future release. Please set credentials using a connection instead.
[2024-08-21T04:50:01.728+0000] {email.py:270} INFO - Email alerting: attempt 1
[2024-08-21T04:50:03.627+0000] {email.py:281} INFO - Sent an alert email to ['deshanariyarathna@gmail.com']
[2024-08-21T04:50:05.529+0000] {standard_task_runner.py:107} ERROR - Failed to execute job 36 for task model_training_honda ('Honda'; 2365)
[2024-08-21T04:50:05.572+0000] {local_task_job_runner.py:234} INFO - Task exited with return code 1
[2024-08-21T04:50:05.588+0000] {taskinstance.py:3312} INFO - 0 downstream tasks scheduled from follow-on schedule check
