[2024-10-10T09:36:45.338+0000] {taskinstance.py:1979} INFO - Dependencies all met for dep_context=non-requeueable deps ti=<TaskInstance: Gold_training_Pipeline.send_mails scheduled__2024-10-08T00:00:00+00:00 [queued]>
[2024-10-10T09:36:45.344+0000] {taskinstance.py:1979} INFO - Dependencies all met for dep_context=requeueable deps ti=<TaskInstance: Gold_training_Pipeline.send_mails scheduled__2024-10-08T00:00:00+00:00 [queued]>
[2024-10-10T09:36:45.345+0000] {taskinstance.py:2193} INFO - Starting attempt 4 of 4
[2024-10-10T09:36:45.383+0000] {taskinstance.py:2217} INFO - Executing <Task(PythonOperator): send_mails> on 2024-10-08 00:00:00+00:00
[2024-10-10T09:36:45.391+0000] {standard_task_runner.py:60} INFO - Started process 5245 to run task
[2024-10-10T09:36:45.393+0000] {standard_task_runner.py:87} INFO - Running: ['***', 'tasks', 'run', 'Gold_training_Pipeline', 'send_mails', 'scheduled__2024-10-08T00:00:00+00:00', '--job-id', '423', '--raw', '--subdir', 'DAGS_FOLDER/gold_training_pipeline.py', '--cfg-path', '/tmp/tmpv7l9aw2t']
[2024-10-10T09:36:45.394+0000] {standard_task_runner.py:88} INFO - Job 423: Subtask send_mails
[2024-10-10T09:36:45.442+0000] {task_command.py:423} INFO - Running <TaskInstance: Gold_training_Pipeline.send_mails scheduled__2024-10-08T00:00:00+00:00 [running]> on host 3c39c54b31c0
[2024-10-10T09:36:45.509+0000] {taskinstance.py:2513} INFO - Exporting env vars: AIRFLOW_CTX_DAG_OWNER='sdeshan' AIRFLOW_CTX_DAG_ID='Gold_training_Pipeline' AIRFLOW_CTX_TASK_ID='send_mails' AIRFLOW_CTX_EXECUTION_DATE='2024-10-08T00:00:00+00:00' AIRFLOW_CTX_TRY_NUMBER='4' AIRFLOW_CTX_DAG_RUN_ID='scheduled__2024-10-08T00:00:00+00:00'
[2024-10-10T09:36:45.526+0000] {taskinstance.py:2731} ERROR - Task failed with exception
Traceback (most recent call last):
  File "/home/airflow/.local/lib/python3.8/site-packages/airflow/models/taskinstance.py", line 444, in _execute_task
    result = _execute_callable(context=context, **execute_callable_kwargs)
  File "/home/airflow/.local/lib/python3.8/site-packages/airflow/models/taskinstance.py", line 414, in _execute_callable
    return execute_callable(context=context, **execute_callable_kwargs)
  File "/home/airflow/.local/lib/python3.8/site-packages/airflow/operators/python.py", line 200, in execute
    return_value = self.execute_callable()
  File "/home/airflow/.local/lib/python3.8/site-packages/airflow/operators/python.py", line 217, in execute_callable
    return self.python_callable(*self.op_args, **self.op_kwargs)
  File "/opt/airflow/dags/components/gold/post_training/sending_mails.py", line 36, in mail_sending
    cur.execute(query)
psycopg2.errors.UndefinedTable: relation "weekly_report" does not exist
LINE 1: SELECT * FROM weekly_report
                      ^

[2024-10-10T09:36:45.536+0000] {taskinstance.py:1149} INFO - Marking task as FAILED. dag_id=Gold_training_Pipeline, task_id=send_mails, execution_date=20241008T000000, start_date=20241010T093645, end_date=20241010T093645
[2024-10-10T09:36:45.540+0000] {logging_mixin.py:188} WARNING - /home/***/.local/lib/python3.8/site-packages/***/utils/context.py:207 AirflowContextDeprecationWarning: Accessing 'execution_date' from the template is deprecated and will be removed in a future version. Please use 'data_interval_start' or 'logical_date' instead.
[2024-10-10T09:36:45.544+0000] {logging_mixin.py:188} WARNING - /home/***/.local/lib/python3.8/site-packages/***/utils/email.py:154 RemovedInAirflow3Warning: Fetching SMTP credentials from configuration variables will be deprecated in a future release. Please set credentials using a connection instead.
[2024-10-10T09:36:45.545+0000] {email.py:270} INFO - Email alerting: attempt 1
[2024-10-10T09:36:47.292+0000] {email.py:281} INFO - Sent an alert email to ['deshanariyarathna@gmail.com']
[2024-10-10T09:36:49.585+0000] {standard_task_runner.py:107} ERROR - Failed to execute job 423 for task send_mails (relation "weekly_report" does not exist
LINE 1: SELECT * FROM weekly_report
                      ^
; 5245)
[2024-10-10T09:36:49.634+0000] {local_task_job_runner.py:234} INFO - Task exited with return code 1
[2024-10-10T09:36:49.646+0000] {taskinstance.py:3312} INFO - 0 downstream tasks scheduled from follow-on schedule check
