[2024-08-23T04:46:41.128+0000] {taskinstance.py:1979} INFO - Dependencies all met for dep_context=non-requeueable deps ti=<TaskInstance: Vehicle_Model_Training_Pipeline_1.model_training_micro manual__2024-08-23T04:45:55.277693+00:00 [queued]>
[2024-08-23T04:46:41.139+0000] {taskinstance.py:1979} INFO - Dependencies all met for dep_context=requeueable deps ti=<TaskInstance: Vehicle_Model_Training_Pipeline_1.model_training_micro manual__2024-08-23T04:45:55.277693+00:00 [queued]>
[2024-08-23T04:46:41.148+0000] {taskinstance.py:2193} INFO - Starting attempt 4 of 4
[2024-08-23T04:46:41.163+0000] {taskinstance.py:2217} INFO - Executing <Task(PythonOperator): model_training_micro> on 2024-08-23 04:45:55.277693+00:00
[2024-08-23T04:46:41.170+0000] {standard_task_runner.py:60} INFO - Started process 2744 to run task
[2024-08-23T04:46:41.173+0000] {standard_task_runner.py:87} INFO - Running: ['***', 'tasks', 'run', 'Vehicle_Model_Training_Pipeline_1', 'model_training_micro', 'manual__2024-08-23T04:45:55.277693+00:00', '--job-id', '155', '--raw', '--subdir', 'DAGS_FOLDER/vehicle_model_training_pipeline.py', '--cfg-path', '/tmp/tmp0butpy42']
[2024-08-23T04:46:41.177+0000] {standard_task_runner.py:88} INFO - Job 155: Subtask model_training_micro
[2024-08-23T04:46:41.253+0000] {task_command.py:423} INFO - Running <TaskInstance: Vehicle_Model_Training_Pipeline_1.model_training_micro manual__2024-08-23T04:45:55.277693+00:00 [running]> on host bebe3cff9645
[2024-08-23T04:46:41.325+0000] {taskinstance.py:2513} INFO - Exporting env vars: AIRFLOW_CTX_DAG_OWNER='sdeshan' AIRFLOW_CTX_DAG_ID='Vehicle_Model_Training_Pipeline_1' AIRFLOW_CTX_TASK_ID='model_training_micro' AIRFLOW_CTX_EXECUTION_DATE='2024-08-23T04:45:55.277693+00:00' AIRFLOW_CTX_TRY_NUMBER='4' AIRFLOW_CTX_DAG_RUN_ID='manual__2024-08-23T04:45:55.277693+00:00'
[2024-08-23T04:46:41.338+0000] {logging_mixin.py:188} INFO - error [Errno 2] No such file or directory: 'artifacts/preprocessor.pkl'
[2024-08-23T04:46:41.350+0000] {taskinstance.py:2731} ERROR - Task failed with exception
Traceback (most recent call last):
  File "/home/airflow/.local/lib/python3.8/site-packages/airflow/models/taskinstance.py", line 444, in _execute_task
    result = _execute_callable(context=context, **execute_callable_kwargs)
  File "/home/airflow/.local/lib/python3.8/site-packages/airflow/models/taskinstance.py", line 414, in _execute_callable
    return execute_callable(context=context, **execute_callable_kwargs)
  File "/home/airflow/.local/lib/python3.8/site-packages/airflow/operators/python.py", line 200, in execute
    return_value = self.execute_callable()
  File "/home/airflow/.local/lib/python3.8/site-packages/airflow/operators/python.py", line 217, in execute_callable
    return self.python_callable(*self.op_args, **self.op_kwargs)
  File "/opt/airflow/dags/components/vehicle/model_training_components/model_training.py", line 69, in train_model
    input_feature_train_arr=preprocessor.fit_transform(input_feature_train_df)
AttributeError: 'NoneType' object has no attribute 'fit_transform'
[2024-08-23T04:46:41.409+0000] {taskinstance.py:1149} INFO - Marking task as FAILED. dag_id=Vehicle_Model_Training_Pipeline_1, task_id=model_training_micro, execution_date=20240823T044555, start_date=20240823T044641, end_date=20240823T044641
[2024-08-23T04:46:41.415+0000] {logging_mixin.py:188} WARNING - /home/***/.local/lib/python3.8/site-packages/***/utils/context.py:207 AirflowContextDeprecationWarning: Accessing 'execution_date' from the template is deprecated and will be removed in a future version. Please use 'data_interval_start' or 'logical_date' instead.
[2024-08-23T04:46:41.421+0000] {logging_mixin.py:188} WARNING - /home/***/.local/lib/python3.8/site-packages/***/utils/email.py:154 RemovedInAirflow3Warning: Fetching SMTP credentials from configuration variables will be deprecated in a future release. Please set credentials using a connection instead.
[2024-08-23T04:46:41.422+0000] {email.py:270} INFO - Email alerting: attempt 1
[2024-08-23T04:46:43.131+0000] {email.py:281} INFO - Sent an alert email to ['deshanariyarathna@gmail.com']
[2024-08-23T04:46:45.068+0000] {standard_task_runner.py:107} ERROR - Failed to execute job 155 for task model_training_micro ('NoneType' object has no attribute 'fit_transform'; 2744)
[2024-08-23T04:46:45.094+0000] {local_task_job_runner.py:234} INFO - Task exited with return code 1
[2024-08-23T04:46:45.116+0000] {taskinstance.py:3312} INFO - 0 downstream tasks scheduled from follow-on schedule check
